# JRE version: OpenJDK Runtime Environment (14.0.2+12) (build 14.0.2+12-46)
# Java VM: OpenJDK 64-Bit Server VM (14.0.2+12-46, mixed mode, sharing, tiered, compressed oops, g1 gc, linux-amd64)
Heap:
 garbage-first heap   total 253952K, used 83008K [0x000000070a200000, 0x0000000800000000)
  region size 1024K, 82 young (83968K), 3 survivors (3072K)
 Metaspace       used 10753K, capacity 11131K, committed 11520K, reserved 1058816K
  class space    used 1005K, capacity 1155K, committed 1280K, reserved 1048576K
GC Heap History (14 events):
Event: 1,911 GC heap before
{Heap before GC invocations=0 (full 0):
 garbage-first heap   total 253952K, used 24388K [0x000000070a200000, 0x0000000800000000)
  region size 1024K, 23 young (23552K), 0 survivors (0K)
 Metaspace       used 10101K, capacity 10418K, committed 10752K, reserved 1058816K
  class space    used 997K, capacity 1155K, committed 1280K, reserved 1048576K
}
Event: 1,917 GC heap after
{Heap after GC invocations=1 (full 0):
 garbage-first heap   total 253952K, used 2812K [0x000000070a200000, 0x0000000800000000)
  region size 1024K, 2 young (2048K), 2 survivors (2048K)
 Metaspace       used 10101K, capacity 10418K, committed 10752K, reserved 1058816K
  class space    used 997K, capacity 1155K, committed 1280K, reserved 1048576K
}
Event: 4,476 GC heap before
{Heap before GC invocations=1 (full 0):
 garbage-first heap   total 253952K, used 41724K [0x000000070a200000, 0x0000000800000000)
  region size 1024K, 40 young (40960K), 2 survivors (2048K)
 Metaspace       used 10321K, capacity 10676K, committed 11008K, reserved 1058816K
  class space    used 999K, capacity 1155K, committed 1280K, reserved 1048576K
}
Event: 4,486 GC heap after
{Heap after GC invocations=2 (full 0):
 garbage-first heap   total 253952K, used 2884K [0x000000070a200000, 0x0000000800000000)
  region size 1024K, 2 young (2048K), 2 survivors (2048K)
 Metaspace       used 10321K, capacity 10676K, committed 11008K, reserved 1058816K
  class space    used 999K, capacity 1155K, committed 1280K, reserved 1048576K
}
Event: 14,929 GC heap before
{Heap before GC invocations=2 (full 0):
 garbage-first heap   total 253952K, used 151364K [0x000000070a200000, 0x0000000800000000)
  region size 1024K, 147 young (150528K), 2 survivors (2048K)
 Metaspace       used 10361K, capacity 10678K, committed 11008K, reserved 1058816K
  class space    used 1000K, capacity 1155K, committed 1280K, reserved 1048576K
}
Event: 14,939 GC heap after
{Heap after GC invocations=3 (full 0):
 garbage-first heap   total 253952K, used 3068K [0x000000070a200000, 0x0000000800000000)
  region size 1024K, 3 young (3072K), 3 survivors (3072K)
 Metaspace       used 10361K, capacity 10678K, committed 11008K, reserved 1058816K
  class space    used 1000K, capacity 1155K, committed 1280K, reserved 1048576K
}
Event: 26,292 GC heap before
{Heap before GC invocations=3 (full 0):
 garbage-first heap   total 253952K, used 150524K [0x000000070a200000, 0x0000000800000000)
  region size 1024K, 147 young (150528K), 3 survivors (3072K)
 Metaspace       used 10418K, capacity 10743K, committed 11008K, reserved 1058816K
  class space    used 1000K, capacity 1155K, committed 1280K, reserved 1048576K
}
Event: 26,302 GC heap after
{Heap after GC invocations=4 (full 0):
 garbage-first heap   total 253952K, used 3078K [0x000000070a200000, 0x0000000800000000)
  region size 1024K, 3 young (3072K), 3 survivors (3072K)
 Metaspace       used 10418K, capacity 10743K, committed 11008K, reserved 1058816K
  class space    used 1000K, capacity 1155K, committed 1280K, reserved 1048576K
}
Event: 38,134 GC heap before
{Heap before GC invocations=4 (full 0):
 garbage-first heap   total 253952K, used 150534K [0x000000070a200000, 0x0000000800000000)
  region size 1024K, 147 young (150528K), 3 survivors (3072K)
 Metaspace       used 10492K, capacity 10808K, committed 11008K, reserved 1058816K
  class space    used 1000K, capacity 1155K, committed 1280K, reserved 1048576K
}
Event: 38,142 GC heap after
{Heap after GC invocations=5 (full 0):
 garbage-first heap   total 253952K, used 3081K [0x000000070a200000, 0x0000000800000000)
  region size 1024K, 3 young (3072K), 3 survivors (3072K)
 Metaspace       used 10492K, capacity 10808K, committed 11008K, reserved 1058816K
  class space    used 1000K, capacity 1155K, committed 1280K, reserved 1048576K
}
Event: 50,088 GC heap before
{Heap before GC invocations=5 (full 0):
 garbage-first heap   total 253952K, used 150537K [0x000000070a200000, 0x0000000800000000)
  region size 1024K, 147 young (150528K), 3 survivors (3072K)
 Metaspace       used 10629K, capacity 10938K, committed 11264K, reserved 1058816K
  class space    used 1000K, capacity 1155K, committed 1280K, reserved 1048576K
}
Event: 50,099 GC heap after
{Heap after GC invocations=6 (full 0):
 garbage-first heap   total 253952K, used 3084K [0x000000070a200000, 0x0000000800000000)
  region size 1024K, 3 young (3072K), 3 survivors (3072K)
 Metaspace       used 10629K, capacity 10938K, committed 11264K, reserved 1058816K
  class space    used 1000K, capacity 1155K, committed 1280K, reserved 1048576K
}
Event: 61,650 GC heap before
{Heap before GC invocations=6 (full 0):
 garbage-first heap   total 253952K, used 150540K [0x000000070a200000, 0x0000000800000000)
  region size 1024K, 147 young (150528K), 3 survivors (3072K)
 Metaspace       used 10693K, capacity 11067K, committed 11264K, reserved 1058816K
  class space    used 1000K, capacity 1155K, committed 1280K, reserved 1048576K
}
Event: 61,660 GC heap after
{Heap after GC invocations=7 (full 0):
 garbage-first heap   total 253952K, used 3136K [0x000000070a200000, 0x0000000800000000)
  region size 1024K, 3 young (3072K), 3 survivors (3072K)
 Metaspace       used 10693K, capacity 11067K, committed 11264K, reserved 1058816K
  class space    used 1000K, capacity 1155K, committed 1280K, reserved 1048576K
}

